0 info it worked if it ends with ok
1 verbose cli [
1 verbose cli   '/Users/stevegoodrick/.nvm/versions/node/v21.7.1/bin/node',
1 verbose cli   '/Users/stevegoodrick/node_modules/.bin/npm',
1 verbose cli   'run',
1 verbose cli   'start',
1 verbose cli   '--workspace=logins-api'
1 verbose cli ]
2 info using npm@2.15.12
3 info using node@v21.7.1
4 verbose run-script [ 'prestart', 'start', 'poststart' ]
5 info prestart social-media-logins@1.0.0
6 info start social-media-logins@1.0.0
7 verbose unsafe-perm in lifecycle true
8 info social-media-logins@1.0.0 Failed to exec start script
9 verbose stack Error: social-media-logins@1.0.0 start: `npm run start --workspace=logins-api`
9 verbose stack Exit status 1
9 verbose stack     at EventEmitter.<anonymous> (/Users/stevegoodrick/node_modules/npm/lib/utils/lifecycle.js:217:16)
9 verbose stack     at EventEmitter.emit (node:events:519:28)
9 verbose stack     at ChildProcess.<anonymous> (/Users/stevegoodrick/node_modules/npm/lib/utils/spawn.js:24:14)
9 verbose stack     at ChildProcess.emit (node:events:519:28)
9 verbose stack     at maybeClose (node:internal/child_process:1105:16)
9 verbose stack     at ChildProcess._handle.onexit (node:internal/child_process:305:5)
10 verbose pkgid social-media-logins@1.0.0
11 verbose cwd /Users/stevegoodrick/Documents/PennState/SWENG861/Week2/social-media-login/social-media-logins
12 error Darwin 24.3.0
13 error argv "/Users/stevegoodrick/.nvm/versions/node/v21.7.1/bin/node" "/Users/stevegoodrick/node_modules/.bin/npm" "run" "start" "--workspace=logins-api"
14 error node v21.7.1
15 error npm  v2.15.12
16 error code ELIFECYCLE
17 error social-media-logins@1.0.0 start: `npm run start --workspace=logins-api`
17 error Exit status 1
18 error Failed at the social-media-logins@1.0.0 start script 'npm run start --workspace=logins-api'.
18 error This is most likely a problem with the social-media-logins package,
18 error not with npm itself.
18 error Tell the author that this fails on your system:
18 error     npm run start --workspace=logins-api
18 error You can get information on how to open an issue for this project with:
18 error     npm bugs social-media-logins
18 error Or if that isn't available, you can get their info via:
18 error
18 error     npm owner ls social-media-logins
18 error There is likely additional logging output above.
19 verbose exit [ 1, true ]
